
Clover 安装器 r5119 (0f5da727e) (installer library v1.1.5), 2020-06-24 04:26:02
macOS 版本10.15.5（版号19F101）
SELF = /Applications/Clover.app/Contents/MacOS/CloverDaemonNew
Backup made at:
/Users/luomo/Desktop/CloverBackUp/GLOWAY FER120GS3-S7 Media/r5118_2020-06-24_04-25-55/EFI.
Target volume: /Volumes/EFI
BSD Name:      disk0s1
Filesystem:    FAT16
Is internal:   true
Is writable:   true
Installation type: UEFI

/dev/disk0 (internal, physical):
   #:                       TYPE NAME                    SIZE       IDENTIFIER
   0:      GUID_partition_scheme                        *120.0 GB   disk0
   1:                        EFI EFI                     209.7 MB   disk0s1
   2:                 Apple_APFS Container disk1         119.8 GB   disk0s2

/dev/disk1 (synthesized):
   #:                       TYPE NAME                    SIZE       IDENTIFIER
   0:      APFS Container Scheme -                      +119.8 GB   disk1
                                 Physical Store disk0s2
   1:                APFS Volume macOS - 数据            84.9 GB    disk1s1
   2:                APFS Volume Preboot                 82.8 MB    disk1s2
   3:                APFS Volume Recovery                525.4 MB   disk1s3
   4:                APFS Volume VM                      3.2 GB     disk1s4
   5:                APFS Volume macOS                   11.2 GB    disk1s5




Installing/Updating Clover:
+ ../BOOT/BOOTX64.efi
+ ../CLOVER/CLOVERX64.efi

Installing/Updating drivers:
+ ../UEFI/DataHubDxe.efi
+ ../UEFI/FSInject.efi
+ ../UEFI/SMCHelper.efi
+ ../UEFI/ApfsDriverLoader.efi
+ ../UEFI/AptioMemoryFix.efi
+ ../UEFI/NvmExpressDxe.efi
+ ../UEFI/PartitionDxe.efi
+ ../BIOS/AudioDxe.efi
+ ../BIOS/FSInject.efi
+ ../BIOS/SMCHelper.efi
+ ../BIOS/XhciDxe.efi
+ ../BIOS/ApfsDriverLoader.efi
+ ../BIOS/GrubEXFAT.efi
+ ../BIOS/GrubISO9660.efi
+ ../BIOS/GrubNTFS.efi
+ ../BIOS/GrubUDF.efi
+ ../BIOS/AppleImageCodec.efi
+ ../BIOS/AppleKeyAggregator.efi
+ ../BIOS/AppleUITheme.efi
+ ../BIOS/FirmwareVolume.efi

Installing/Updating tools:
+ ../tools/Shell64.efi
+ ../tools/bdmesg.efi
+ ../tools/Shell64U.efi
+ ../tools/Shell32.efi

Installing/Updating docs:
+ ../doc/UEFI boot with Clover.rtf
+ ../doc/boot1f32-install.sh
+ ../doc/HowToInstallOSX.txt
+ ../doc/HowToFixDsdt.txt
+ ../doc/bcfg.txt